********************************************************************************
DUPLICATOR-LITE PACKAGE-LOG: February 10, 2022 2:17 pm
NOTICE: Do NOT post to public sites or forums 
********************************************************************************
VERSION:	1.4.4
WORDPRESS:	5.9
PHP INFO:	7.4.27 | SAPI: apache2handler
SERVER:		Apache/2.4.52 (Unix) OpenSSL/1.1.1m PHP/7.4.27 mod_perl/2.0.11 Perl/v5.32.1 
PHP TIME LIMIT: (0) no time limit imposed 
PHP MAX MEMORY: 4294967296 (512M default) 
MEMORY STACK: 6.5MB

********************************************************************************
DATABASE:
********************************************************************************
BUILD MODE:   PHP(query limit - 100)
MYSQLTIMEOUT: 5000
MYSQLDUMP:    Not Supported
TABLES: total:13 | filtered:0 | create:13
FILTERED: []
SQL CREATED: 20220210_bintango_2fd14878856c93505240_20220210141746_database.sql
SQL FILE SIZE: 1.68MB (1765439)
SQL FILE TIME: 2022-02-10 14:17:52
SQL RUNTIME: 0.20 sec.

********************************************************************************
ARCHIVE (ZIP):
********************************************************************************
ARCHIVE DIR:  /Applications/XAMPP/xamppfiles/htdocs/bintango
ARCHIVE FILE: 20220210_bintango_2fd14878856c93505240_20220210141746_archive.zip
FILTERS: *OFF*
DIRS:
	not set
FILES:
	not set
EXTS:  not set
----------------------------------------
COMPRESSING
SIZE:	95.3MB
STATS:	Dirs 346 | Files 3,291
SQL ADDED: 20220210_bintango_2fd14878856c93505240_20220210141746_database.sql
ZipArchive Object
(
    [status] => 0
    [statusSys] => 0
    [numFiles] => 3637
    [filename] => /Applications/XAMPP/xamppfiles/htdocs/bintango/wp-content/backups-dup-lite/tmp/20220210_bintango_2fd14878856c93505240_20220210141746_archive.zip
    [comment] => 
)

FILE ADDED TO ZIP: 3636
COMPRESSION RESULT: '1'
COMPRESSED SIZE: 49.81MB
ARCHIVE RUNTIME: 4.21 sec.
MEMORY STACK: 8.5MB
building installer
add_extra_files1
add_extra_files2
add_extra_files3
add_extra_files4
Doing archive file check
add_extra_files5
add_extra_files6
add_extra_files8
Successfully opened zip /Applications/XAMPP/xamppfiles/htdocs/bintango/wp-content/backups-dup-lite/tmp/20220210_bintango_2fd14878856c93505240_20220210141746_archive.zip
Adding enhanced installer files to archive using ZipArchive
Installer files added to archive
Added to archive
After ziparchive close when adding installer

********************************************************************************
INTEGRITY CHECKS:
********************************************************************************
SQL FILE: 1.68MB
INSTALLER FILE: 64.59KB
ARCHIVE FILE: 50.83MB 
EXPECTED FILE/DIRECTORY COUNT: 3,637
ACTUAL FILE/DIRECTORY COUNT: 3,636
ARCHIVE CONSISTENCY TEST: Pass

********************************************************************************
RECORD ID:[1]
TOTAL PROCESS RUNTIME: 5.39 sec.
PEAK PHP MEMORY USED: 14.5MB
DONE PROCESSING => 20220210_bintango February 10, 2022 2:17 pm

